<?xml version="1.0" encoding="UTF-8"?>
<!-- Generated by org.testng.reporters.JUnitReportReporter -->
<testsuite hostname="TRAINING04" name="dataprovider" tests="2" failures="0" timestamp="26 Aug 2014 09:04:49 GMT" time="37.087" errors="0">
  <testcase name="login" time="15.852" classname="dataprovider"/>
  <testcase name="login" time="21.235" classname="dataprovider"/>
</testsuite> <!-- dataprovider -->
